2025-01-14 17:36:43: playing: media_player.loa_da_vung_tran_2_hyEjleOLcMg
2025-01-14 17:36:48: playing: media_player.loa_da_vung_tran_2_hyEjleOLcMg
2025-01-14 17:36:53: playing: media_player.loa_da_vung_tran_2_hyEjleOLcMg
2025-01-14 17:36:58: playing: media_player.loa_da_vung_tran_2_hyEjleOLcMg
2025-01-14 17:37:03: playing: media_player.loa_da_vung_tran_2_hyEjleOLcMg
2025-01-14 17:37:08: playing: media_player.loa_da_vung_tran_2_hyEjleOLcMg
2025-01-14 17:37:27: start process: media_player.loa_da_vung_tran_2
2025-01-14 17:37:27: {'media_player.loa_da_vung_tran_2_hyEjleOLcMg': {'name': 'Nhật Phong x Mạc Văn Khoa x Ny Saki | Thằng Hầu | Official Music Video', 'id': 'hyEjleOLcMg', 'length': 360, 'version': 1, 'url': 'https://push.javisco.com/api/youtube/hyEjleOLcMg/video.mp4'}, 'media_player.loa_da_vung_tran_2_m4zBtFndEjI': {'name': 'CÁNH HOA HÉO TÀN - Khánh Phương x Mochiii x ACV | Yêu em như kẻ ngu si, tin em như người mất trí...', 'id': 'm4zBtFndEjI', 'length': 283, 'version': 1, 'url': 'https://push.javisco.com/api/youtube/m4zBtFndEjI/video.mp4'}, 'media_player.loa_da_vung_tran_2_RU-6M5Qn1sQ': {'name': 'VÌ EM - ĐÌNH DŨNG | OFFICIAL MV | Hỏi trái tim ơi đau không người mình mãi thương chẳng câu giã từ', 'id': 'RU-6M5Qn1sQ', 'length': 398, 'version': 1, 'url': 'https://push.javisco.com/api/youtube/RU-6M5Qn1sQ/video.mp4'}, 'media_player.loa_da_vung_tran_2_qkPgUgkQE4Y': {'name': 'ĐẾ VƯƠNG - ĐÌNH DŨNG | OFFICIAL MUSIC VIDEO', 'id': 'qkPgUgkQE4Y', 'length': 271, 'version': 1, 'url': 'https://push.javisco.com/api/youtube/qkPgUgkQE4Y/video.mp4'}, 'media_player.loa_da_vung_tran_2_q-Eo4veB0aA': {'name': 'Chàng Không Phải Tân Lang - Jena, Sinkra | Video lyrics', 'id': 'q-Eo4veB0aA', 'length': 252, 'version': 1, 'url': 'https://push.javisco.com/api/youtube/q-Eo4veB0aA/video.mp4'}, 'media_player.loa_da_vung_tran_2_UovOcqV-ajg': {'name': 'Níu Kéo - Video Lyric || Phạm Trưởng', 'id': 'UovOcqV-ajg', 'length': 263, 'version': 1, 'url': 'https://push.javisco.com/api/youtube/UovOcqV-ajg/video.mp4'}, 'media_player.loa_da_vung_tran_2_kSYhR8vnzBg': {'name': 'Thay Tôi Yêu Cô Ấy (ĐNSTĐ) - Thanh Hưng | Official Lyrics Video', 'id': 'kSYhR8vnzBg', 'length': 329, 'version': 1, 'url': 'https://push.javisco.com/api/youtube/kSYhR8vnzBg/video.mp4'}, 'media_player.loa_da_vung_tran_2_Hgd-F2sQHos': {'name': 'Xin Lỗi Vì Đã Xuất Hiện - Vũ Duy Khánh (MV) | Anh Nghĩ Anh Nên Rời Xa Để Biết Em Hạnh Phúc Thế Nào..', 'id': 'Hgd-F2sQHos', 'length': 405, 'version': 1, 'url': 'https://push.javisco.com/api/youtube/Hgd-F2sQHos/video.mp4'}, 'media_player.loa_da_vung_tran_2_Me1qafR4qc8': {'name': 'Bán Duyên - Đình Dũng [LYRIC VIDEO] #BD', 'id': 'Me1qafR4qc8', 'length': 335, 'version': 1, 'url': 'https://push.javisco.com/api/youtube/Me1qafR4qc8/video.mp4'}, 'media_player.loa_da_vung_tran_2_GpmOn4RyzZI': {'name': 'TĂNG DUY TÂN - CẮT ĐÔI NỖI SẦU (ft DRUM7) | OFFICIAL MUSIC VIDEO', 'id': 'GpmOn4RyzZI', 'length': 203, 'version': 1, 'url': 'https://push.javisco.com/api/youtube/GpmOn4RyzZI/video.mp4'}, 'media_player.loa_da_vung_tran_2_0fE4-rR-8G0': {'name': 'Tránh Duyên | Đình Dũng | Official Music Video', 'id': '0fE4-rR-8G0', 'length': 348, 'version': 1, 'url': 'https://push.javisco.com/api/youtube/0fE4-rR-8G0/video.mp4'}, 'media_player.loa_da_vung_tran_2_wvbfelChKdw': {'name': 'XIN MỘT ĐÊM YÊU EM - THÀNH ĐẠT x FINN NGUYÊN HY | Vậy thì anh xin cho một đêm u tối…', 'id': 'wvbfelChKdw', 'length': 360, 'version': 1, 'url': 'https://push.javisco.com/api/youtube/wvbfelChKdw/video.mp4'}, 'media_player.loa_da_vung_tran_2_lrWDynnGYtA': {'name': 'KHÚC VƯƠNG TÌNH || CẦN VINH x LEE KEN || OFFICIAL MUSIC VIDEO', 'id': 'lrWDynnGYtA', 'length': 227, 'version': 1, 'url': 'https://push.javisco.com/api/youtube/lrWDynnGYtA/video.mp4'}, 'media_player.loa_da_vung_tran_2_mObTGciIi_E': {'name': 'HÃY ĐỂ ANH YÊN - NHẬT PHONG | MV OFFICIAL', 'id': 'mObTGciIi_E', 'length': 307, 'version': 1, 'url': 'https://push.javisco.com/api/youtube/mObTGciIi_E/video.mp4'}, 'media_player.loa_da_vung_tran_2_V3vH0ej8Zfo': {'name': 'NGÀY EM CƯỚI - NGUYỄN VĨ | OFFICIAL MUSIC VIDEO', 'id': 'V3vH0ej8Zfo', 'length': 315, 'version': 1, 'url': 'https://push.javisco.com/api/youtube/V3vH0ej8Zfo/video.mp4'}, 'media_player.loa_da_vung_tran_2_NuWAl7-Vkwk': {'name': 'Hôm Nay Em Cưới Rồi - Khải Đăng | Thanh Hưng | Live Version', 'id': 'NuWAl7-Vkwk', 'length': 304, 'version': 1, 'url': 'https://push.javisco.com/api/youtube/NuWAl7-Vkwk/video.mp4'}, 'media_player.loa_da_vung_tran_2_xDp3h2DyWzo': {'name': 'TÌNH ANH - ĐÌNH DŨNG | OFFICIAL MUSIC VIDEO', 'id': 'xDp3h2DyWzo', 'length': 296, 'version': 1, 'url': 'https://push.javisco.com/api/youtube/xDp3h2DyWzo/video.mp4'}, 'media_player.loa_da_vung_tran_2_Y19aCd7TaPU': {'name': 'Hứa Đợi Nhưng Chẳng Tới - Lâm Tuấn X Vương Thiên Tuấn | Official Lyrics Video', 'id': 'Y19aCd7TaPU', 'length': 349, 'version': 1, 'url': 'https://push.javisco.com/api/youtube/Y19aCd7TaPU/video.mp4'}, 'media_player.loa_da_vung_tran_2_IenfKDtyMI0': {'name': 'CÓ EM LÀ ĐIỀU TUYỆT VỜI NHẤT - THIÊN TÚ || Music Video | Mình Gặp Nhau Là Do Nhân Duyên', 'id': 'IenfKDtyMI0', 'length': 370, 'version': 1, 'url': 'https://push.javisco.com/api/youtube/IenfKDtyMI0/video.mp4'}, 'media_player.loa_da_vung_tran_2_8Vqlecx98U4': {'name': 'CƯỚI HÔNG CHỐT NHA | ÚT NHỊ FT ĐỖ THÀNH DUY (Official MV) | EM SẼ THEO ANH DÌA', 'id': '8Vqlecx98U4', 'length': 249, 'version': 1, 'url': 'https://push.javisco.com/api/youtube/8Vqlecx98U4/video.mp4'}, 'media_player.loa_da_vung_tran_2_Kv2_RbspXtU': {'name': 'Nên Chờ Hay Nên Quên Remix 🍑 HuyN x Trường Alex | Ϲhào em cô gái năm xưa haу nói haу cười remix', 'id': 'Kv2_RbspXtU', 'length': 291, 'version': 1, 'url': 'https://push.javisco.com/api/youtube/Kv2_RbspXtU/video.mp4'}, 'media_player.loa_da_vung_tran_2_W46gDI9npxI': {'name': 'TỪ NAY EM LÀ VỢ ANH - KHẢ HIỆP | Official Music Video | Đưa bàn tay anh nắm anh dắt em trên đường…', 'id': 'W46gDI9npxI', 'length': 304, 'version': 1, 'url': 'https://push.javisco.com/api/youtube/W46gDI9npxI/video.mp4'}, 'media_player.loa_da_vung_tran_2_WL11bwvAYWI': {'name': 'NGÀY MAI NGƯỜI TA LẤY CHỒNG - THÀNH ĐẠT x ĐÔNG THIÊN ĐỨC | OFFICIAL MV | Ngày Hôm Ấy Em Đi Trong Mưa', 'id': 'WL11bwvAYWI', 'length': 420, 'version': 1, 'url': 'https://push.javisco.com/api/youtube/WL11bwvAYWI/video.mp4'}, 'media_player.loa_da_vung_tran_2_j4T0-huYsW4': {'name': 'SAO CŨNG ĐƯỢC - THÀNH ĐẠT x ĐÔNG THIÊN ĐỨC | OFFICIAL MV | Thà yêu lấy một người bình thường ...', 'id': 'j4T0-huYsW4', 'length': 367, 'version': 1, 'url': 'https://push.javisco.com/api/youtube/j4T0-huYsW4/video.mp4'}}
2025-01-14 17:37:27: change song: to 0
2025-01-14 17:37:43: duration: 360
2025-01-14 17:37:48: playing: media_player.loa_da_vung_tran_2_hyEjleOLcMg
2025-01-14 17:37:53: playing: media_player.loa_da_vung_tran_2_hyEjleOLcMg
2025-01-14 17:38:03: playing: media_player.loa_da_vung_tran_2_hyEjleOLcMg
2025-01-14 17:38:20: playing: media_player.loa_da_vung_tran_2_hyEjleOLcMg
2025-01-14 17:38:25: playing: media_player.loa_da_vung_tran_2_hyEjleOLcMg
2025-01-14 17:38:30: playing: media_player.loa_da_vung_tran_2_hyEjleOLcMg
2025-01-14 17:38:35: playing: media_player.loa_da_vung_tran_2_hyEjleOLcMg
2025-01-14 17:38:40: playing: media_player.loa_da_vung_tran_2_hyEjleOLcMg
2025-01-14 17:38:45: playing: media_player.loa_da_vung_tran_2_hyEjleOLcMg
2025-01-14 17:38:50: playing: media_player.loa_da_vung_tran_2_hyEjleOLcMg
2025-01-14 17:38:55: playing: media_player.loa_da_vung_tran_2_hyEjleOLcMg
2025-01-14 17:39:00: playing: media_player.loa_da_vung_tran_2_hyEjleOLcMg
2025-01-14 17:39:05: playing: media_player.loa_da_vung_tran_2_hyEjleOLcMg
2025-01-14 17:39:10: playing: media_player.loa_da_vung_tran_2_hyEjleOLcMg
2025-01-14 17:39:15: playing: media_player.loa_da_vung_tran_2_hyEjleOLcMg
2025-01-14 17:39:21: playing: media_player.loa_da_vung_tran_2_hyEjleOLcMg
2025-01-14 17:39:26: playing: media_player.loa_da_vung_tran_2_hyEjleOLcMg
2025-01-14 17:39:31: playing: media_player.loa_da_vung_tran_2_hyEjleOLcMg
2025-01-14 17:39:36: playing: media_player.loa_da_vung_tran_2_hyEjleOLcMg
2025-01-14 17:39:41: playing: media_player.loa_da_vung_tran_2_hyEjleOLcMg
2025-01-14 17:40:26: playing: media_player.loa_da_vung_tran_2_hyEjleOLcMg
2025-01-14 17:36:08: playing: media_player.loa_da_vung_tran_2_hyEjleOLcMg
2025-01-14 17:36:13: playing: media_player.loa_da_vung_tran_2_hyEjleOLcMg
2025-01-14 17:36:18: playing: media_player.loa_da_vung_tran_2_hyEjleOLcMg
2025-01-14 17:36:23: playing: media_player.loa_da_vung_tran_2_hyEjleOLcMg
2025-01-14 17:36:28: playing: media_player.loa_da_vung_tran_2_hyEjleOLcMg
2025-01-14 17:36:33: playing: media_player.loa_da_vung_tran_2_hyEjleOLcMg
2025-01-14 17:36:38: playing: media_player.loa_da_vung_tran_2_hyEjleOLcMg
2025-01-14 17:36:43: playing: media_player.loa_da_vung_tran_2_hyEjleOLcMg
2025-01-14 17:36:48: playing: media_player.loa_da_vung_tran_2_hyEjleOLcMg
2025-01-14 17:36:53: playing: media_player.loa_da_vung_tran_2_hyEjleOLcMg
2025-01-14 17:36:58: playing: media_player.loa_da_vung_tran_2_hyEjleOLcMg
2025-01-14 17:37:03: playing: media_player.loa_da_vung_tran_2_hyEjleOLcMg
2025-01-14 17:37:08: playing: media_player.loa_da_vung_tran_2_hyEjleOLcMg
2025-01-14 17:37:27: start process: media_player.loa_da_vung_tran_2
2025-01-14 17:37:27: {'media_player.loa_da_vung_tran_2_hyEjleOLcMg': {'name': 'Nhật Phong x Mạc Văn Khoa x Ny Saki | Thằng Hầu | Official Music Video', 'id': 'hyEjleOLcMg', 'length': 360, 'version': 1, 'url': 'https://push.javisco.com/api/youtube/hyEjleOLcMg/video.mp4'}, 'media_player.loa_da_vung_tran_2_m4zBtFndEjI': {'name': 'CÁNH HOA HÉO TÀN - Khánh Phương x Mochiii x ACV | Yêu em như kẻ ngu si, tin em như người mất trí...', 'id': 'm4zBtFndEjI', 'length': 283, 'version': 1, 'url': 'https://push.javisco.com/api/youtube/m4zBtFndEjI/video.mp4'}, 'media_player.loa_da_vung_tran_2_RU-6M5Qn1sQ': {'name': 'VÌ EM - ĐÌNH DŨNG | OFFICIAL MV | Hỏi trái tim ơi đau không người mình mãi thương chẳng câu giã từ', 'id': 'RU-6M5Qn1sQ', 'length': 398, 'version': 1, 'url': 'https://push.javisco.com/api/youtube/RU-6M5Qn1sQ/video.mp4'}, 'media_player.loa_da_vung_tran_2_qkPgUgkQE4Y': {'name': 'ĐẾ VƯƠNG - ĐÌNH DŨNG | OFFICIAL MUSIC VIDEO', 'id': 'qkPgUgkQE4Y', 'length': 271, 'version': 1, 'url': 'https://push.javisco.com/api/youtube/qkPgUgkQE4Y/video.mp4'}, 'media_player.loa_da_vung_tran_2_q-Eo4veB0aA': {'name': 'Chàng Không Phải Tân Lang - Jena, Sinkra | Video lyrics', 'id': 'q-Eo4veB0aA', 'length': 252, 'version': 1, 'url': 'https://push.javisco.com/api/youtube/q-Eo4veB0aA/video.mp4'}, 'media_player.loa_da_vung_tran_2_UovOcqV-ajg': {'name': 'Níu Kéo - Video Lyric || Phạm Trưởng', 'id': 'UovOcqV-ajg', 'length': 263, 'version': 1, 'url': 'https://push.javisco.com/api/youtube/UovOcqV-ajg/video.mp4'}, 'media_player.loa_da_vung_tran_2_kSYhR8vnzBg': {'name': 'Thay Tôi Yêu Cô Ấy (ĐNSTĐ) - Thanh Hưng | Official Lyrics Video', 'id': 'kSYhR8vnzBg', 'length': 329, 'version': 1, 'url': 'https://push.javisco.com/api/youtube/kSYhR8vnzBg/video.mp4'}, 'media_player.loa_da_vung_tran_2_Hgd-F2sQHos': {'name': 'Xin Lỗi Vì Đã Xuất Hiện - Vũ Duy Khánh (MV) | Anh Nghĩ Anh Nên Rời Xa Để Biết Em Hạnh Phúc Thế Nào..', 'id': 'Hgd-F2sQHos', 'length': 405, 'version': 1, 'url': 'https://push.javisco.com/api/youtube/Hgd-F2sQHos/video.mp4'}, 'media_player.loa_da_vung_tran_2_Me1qafR4qc8': {'name': 'Bán Duyên - Đình Dũng [LYRIC VIDEO] #BD', 'id': 'Me1qafR4qc8', 'length': 335, 'version': 1, 'url': 'https://push.javisco.com/api/youtube/Me1qafR4qc8/video.mp4'}, 'media_player.loa_da_vung_tran_2_GpmOn4RyzZI': {'name': 'TĂNG DUY TÂN - CẮT ĐÔI NỖI SẦU (ft DRUM7) | OFFICIAL MUSIC VIDEO', 'id': 'GpmOn4RyzZI', 'length': 203, 'version': 1, 'url': 'https://push.javisco.com/api/youtube/GpmOn4RyzZI/video.mp4'}, 'media_player.loa_da_vung_tran_2_0fE4-rR-8G0': {'name': 'Tránh Duyên | Đình Dũng | Official Music Video', 'id': '0fE4-rR-8G0', 'length': 348, 'version': 1, 'url': 'https://push.javisco.com/api/youtube/0fE4-rR-8G0/video.mp4'}, 'media_player.loa_da_vung_tran_2_wvbfelChKdw': {'name': 'XIN MỘT ĐÊM YÊU EM - THÀNH ĐẠT x FINN NGUYÊN HY | Vậy thì anh xin cho một đêm u tối…', 'id': 'wvbfelChKdw', 'length': 360, 'version': 1, 'url': 'https://push.javisco.com/api/youtube/wvbfelChKdw/video.mp4'}, 'media_player.loa_da_vung_tran_2_lrWDynnGYtA': {'name': 'KHÚC VƯƠNG TÌNH || CẦN VINH x LEE KEN || OFFICIAL MUSIC VIDEO', 'id': 'lrWDynnGYtA', 'length': 227, 'version': 1, 'url': 'https://push.javisco.com/api/youtube/lrWDynnGYtA/video.mp4'}, 'media_player.loa_da_vung_tran_2_mObTGciIi_E': {'name': 'HÃY ĐỂ ANH YÊN - NHẬT PHONG | MV OFFICIAL', 'id': 'mObTGciIi_E', 'length': 307, 'version': 1, 'url': 'https://push.javisco.com/api/youtube/mObTGciIi_E/video.mp4'}, 'media_player.loa_da_vung_tran_2_V3vH0ej8Zfo': {'name': 'NGÀY EM CƯỚI - NGUYỄN VĨ | OFFICIAL MUSIC VIDEO', 'id': 'V3vH0ej8Zfo', 'length': 315, 'version': 1, 'url': 'https://push.javisco.com/api/youtube/V3vH0ej8Zfo/video.mp4'}, 'media_player.loa_da_vung_tran_2_NuWAl7-Vkwk': {'name': 'Hôm Nay Em Cưới Rồi - Khải Đăng | Thanh Hưng | Live Version', 'id': 'NuWAl7-Vkwk', 'length': 304, 'version': 1, 'url': 'https://push.javisco.com/api/youtube/NuWAl7-Vkwk/video.mp4'}, 'media_player.loa_da_vung_tran_2_xDp3h2DyWzo': {'name': 'TÌNH ANH - ĐÌNH DŨNG | OFFICIAL MUSIC VIDEO', 'id': 'xDp3h2DyWzo', 'length': 296, 'version': 1, 'url': 'https://push.javisco.com/api/youtube/xDp3h2DyWzo/video.mp4'}, 'media_player.loa_da_vung_tran_2_Y19aCd7TaPU': {'name': 'Hứa Đợi Nhưng Chẳng Tới - Lâm Tuấn X Vương Thiên Tuấn | Official Lyrics Video', 'id': 'Y19aCd7TaPU', 'length': 349, 'version': 1, 'url': 'https://push.javisco.com/api/youtube/Y19aCd7TaPU/video.mp4'}, 'media_player.loa_da_vung_tran_2_IenfKDtyMI0': {'name': 'CÓ EM LÀ ĐIỀU TUYỆT VỜI NHẤT - THIÊN TÚ || Music Video | Mình Gặp Nhau Là Do Nhân Duyên', 'id': 'IenfKDtyMI0', 'length': 370, 'version': 1, 'url': 'https://push.javisco.com/api/youtube/IenfKDtyMI0/video.mp4'}, 'media_player.loa_da_vung_tran_2_8Vqlecx98U4': {'name': 'CƯỚI HÔNG CHỐT NHA | ÚT NHỊ FT ĐỖ THÀNH DUY (Official MV) | EM SẼ THEO ANH DÌA', 'id': '8Vqlecx98U4', 'length': 249, 'version': 1, 'url': 'https://push.javisco.com/api/youtube/8Vqlecx98U4/video.mp4'}, 'media_player.loa_da_vung_tran_2_Kv2_RbspXtU': {'name': 'Nên Chờ Hay Nên Quên Remix 🍑 HuyN x Trường Alex | Ϲhào em cô gái năm xưa haу nói haу cười remix', 'id': 'Kv2_RbspXtU', 'length': 291, 'version': 1, 'url': 'https://push.javisco.com/api/youtube/Kv2_RbspXtU/video.mp4'}, 'media_player.loa_da_vung_tran_2_W46gDI9npxI': {'name': 'TỪ NAY EM LÀ VỢ ANH - KHẢ HIỆP | Official Music Video | Đưa bàn tay anh nắm anh dắt em trên đường…', 'id': 'W46gDI9npxI', 'length': 304, 'version': 1, 'url': 'https://push.javisco.com/api/youtube/W46gDI9npxI/video.mp4'}, 'media_player.loa_da_vung_tran_2_WL11bwvAYWI': {'name': 'NGÀY MAI NGƯỜI TA LẤY CHỒNG - THÀNH ĐẠT x ĐÔNG THIÊN ĐỨC | OFFICIAL MV | Ngày Hôm Ấy Em Đi Trong Mưa', 'id': 'WL11bwvAYWI', 'length': 420, 'version': 1, 'url': 'https://push.javisco.com/api/youtube/WL11bwvAYWI/video.mp4'}, 'media_player.loa_da_vung_tran_2_j4T0-huYsW4': {'name': 'SAO CŨNG ĐƯỢC - THÀNH ĐẠT x ĐÔNG THIÊN ĐỨC | OFFICIAL MV | Thà yêu lấy một người bình thường ...', 'id': 'j4T0-huYsW4', 'length': 367, 'version': 1, 'url': 'https://push.javisco.com/api/youtube/j4T0-huYsW4/video.mp4'}}
2025-01-14 17:37:27: change song: to 0
2025-01-14 17:37:43: duration: 360
2025-01-14 17:37:48: playing: media_player.loa_da_vung_tran_2_hyEjleOLcMg
2025-01-14 17:37:53: playing: media_player.loa_da_vung_tran_2_hyEjleOLcMg
2025-01-14 17:38:03: playing: media_player.loa_da_vung_tran_2_hyEjleOLcMg
2025-01-14 17:38:20: playing: media_player.loa_da_vung_tran_2_hyEjleOLcMg
2025-01-14 17:38:25: playing: media_player.loa_da_vung_tran_2_hyEjleOLcMg
2025-01-14 17:38:30: playing: media_player.loa_da_vung_tran_2_hyEjleOLcMg
2025-01-14 17:38:35: playing: media_player.loa_da_vung_tran_2_hyEjleOLcMg
2025-01-14 17:38:40: playing: media_player.loa_da_vung_tran_2_hyEjleOLcMg
2025-01-14 17:38:45: playing: media_player.loa_da_vung_tran_2_hyEjleOLcMg
2025-01-14 17:38:50: playing: media_player.loa_da_vung_tran_2_hyEjleOLcMg
2025-01-14 17:38:55: playing: media_player.loa_da_vung_tran_2_hyEjleOLcMg
2025-01-14 17:39:00: playing: media_player.loa_da_vung_tran_2_hyEjleOLcMg
2025-01-14 17:39:05: playing: media_player.loa_da_vung_tran_2_hyEjleOLcMg
2025-01-14 17:39:10: playing: media_player.loa_da_vung_tran_2_hyEjleOLcMg
2025-01-14 17:39:15: playing: media_player.loa_da_vung_tran_2_hyEjleOLcMg
2025-01-14 17:39:21: playing: media_player.loa_da_vung_tran_2_hyEjleOLcMg
2025-01-14 17:39:26: playing: media_player.loa_da_vung_tran_2_hyEjleOLcMg
2025-01-14 17:39:31: playing: media_player.loa_da_vung_tran_2_hyEjleOLcMg
2025-01-14 17:39:36: playing: media_player.loa_da_vung_tran_2_hyEjleOLcMg
2025-01-14 17:39:41: playing: media_player.loa_da_vung_tran_2_hyEjleOLcMg
2025-01-14 17:40:31: playing: media_player.loa_da_vung_tran_2_hyEjleOLcMg
2025-01-14 17:40:36: playing: media_player.loa_da_vung_tran_2_hyEjleOLcMg
2025-01-14 17:40:41: playing: media_player.loa_da_vung_tran_2_hyEjleOLcMg
2025-01-14 17:36:08: playing: media_player.loa_da_vung_tran_2_hyEjleOLcMg
2025-01-14 17:36:13: playing: media_player.loa_da_vung_tran_2_hyEjleOLcMg
2025-01-14 17:36:18: playing: media_player.loa_da_vung_tran_2_hyEjleOLcMg
2025-01-14 17:36:23: playing: media_player.loa_da_vung_tran_2_hyEjleOLcMg
2025-01-14 17:36:28: playing: media_player.loa_da_vung_tran_2_hyEjleOLcMg
2025-01-14 17:36:33: playing: media_player.loa_da_vung_tran_2_hyEjleOLcMg
2025-01-14 17:36:38: playing: media_player.loa_da_vung_tran_2_hyEjleOLcMg
2025-01-14 17:36:43: playing: media_player.loa_da_vung_tran_2_hyEjleOLcMg
2025-01-14 17:36:48: playing: media_player.loa_da_vung_tran_2_hyEjleOLcMg
2025-01-14 17:36:53: playing: media_player.loa_da_vung_tran_2_hyEjleOLcMg
2025-01-14 17:36:58: playing: media_player.loa_da_vung_tran_2_hyEjleOLcMg
2025-01-14 17:37:03: playing: media_player.loa_da_vung_tran_2_hyEjleOLcMg
2025-01-14 17:37:08: playing: media_player.loa_da_vung_tran_2_hyEjleOLcMg
2025-01-14 17:37:27: start process: media_player.loa_da_vung_tran_2
2025-01-14 17:37:27: {'media_player.loa_da_vung_tran_2_hyEjleOLcMg': {'name': 'Nhật Phong x Mạc Văn Khoa x Ny Saki | Thằng Hầu | Official Music Video', 'id': 'hyEjleOLcMg', 'length': 360, 'version': 1, 'url': 'https://push.javisco.com/api/youtube/hyEjleOLcMg/video.mp4'}, 'media_player.loa_da_vung_tran_2_m4zBtFndEjI': {'name': 'CÁNH HOA HÉO TÀN - Khánh Phương x Mochiii x ACV | Yêu em như kẻ ngu si, tin em như người mất trí...', 'id': 'm4zBtFndEjI', 'length': 283, 'version': 1, 'url': 'https://push.javisco.com/api/youtube/m4zBtFndEjI/video.mp4'}, 'media_player.loa_da_vung_tran_2_RU-6M5Qn1sQ': {'name': 'VÌ EM - ĐÌNH DŨNG | OFFICIAL MV | Hỏi trái tim ơi đau không người mình mãi thương chẳng câu giã từ', 'id': 'RU-6M5Qn1sQ', 'length': 398, 'version': 1, 'url': 'https://push.javisco.com/api/youtube/RU-6M5Qn1sQ/video.mp4'}, 'media_player.loa_da_vung_tran_2_qkPgUgkQE4Y': {'name': 'ĐẾ VƯƠNG - ĐÌNH DŨNG | OFFICIAL MUSIC VIDEO', 'id': 'qkPgUgkQE4Y', 'length': 271, 'version': 1, 'url': 'https://push.javisco.com/api/youtube/qkPgUgkQE4Y/video.mp4'}, 'media_player.loa_da_vung_tran_2_q-Eo4veB0aA': {'name': 'Chàng Không Phải Tân Lang - Jena, Sinkra | Video lyrics', 'id': 'q-Eo4veB0aA', 'length': 252, 'version': 1, 'url': 'https://push.javisco.com/api/youtube/q-Eo4veB0aA/video.mp4'}, 'media_player.loa_da_vung_tran_2_UovOcqV-ajg': {'name': 'Níu Kéo - Video Lyric || Phạm Trưởng', 'id': 'UovOcqV-ajg', 'length': 263, 'version': 1, 'url': 'https://push.javisco.com/api/youtube/UovOcqV-ajg/video.mp4'}, 'media_player.loa_da_vung_tran_2_kSYhR8vnzBg': {'name': 'Thay Tôi Yêu Cô Ấy (ĐNSTĐ) - Thanh Hưng | Official Lyrics Video', 'id': 'kSYhR8vnzBg', 'length': 329, 'version': 1, 'url': 'https://push.javisco.com/api/youtube/kSYhR8vnzBg/video.mp4'}, 'media_player.loa_da_vung_tran_2_Hgd-F2sQHos': {'name': 'Xin Lỗi Vì Đã Xuất Hiện - Vũ Duy Khánh (MV) | Anh Nghĩ Anh Nên Rời Xa Để Biết Em Hạnh Phúc Thế Nào..', 'id': 'Hgd-F2sQHos', 'length': 405, 'version': 1, 'url': 'https://push.javisco.com/api/youtube/Hgd-F2sQHos/video.mp4'}, 'media_player.loa_da_vung_tran_2_Me1qafR4qc8': {'name': 'Bán Duyên - Đình Dũng [LYRIC VIDEO] #BD', 'id': 'Me1qafR4qc8', 'length': 335, 'version': 1, 'url': 'https://push.javisco.com/api/youtube/Me1qafR4qc8/video.mp4'}, 'media_player.loa_da_vung_tran_2_GpmOn4RyzZI': {'name': 'TĂNG DUY TÂN - CẮT ĐÔI NỖI SẦU (ft DRUM7) | OFFICIAL MUSIC VIDEO', 'id': 'GpmOn4RyzZI', 'length': 203, 'version': 1, 'url': 'https://push.javisco.com/api/youtube/GpmOn4RyzZI/video.mp4'}, 'media_player.loa_da_vung_tran_2_0fE4-rR-8G0': {'name': 'Tránh Duyên | Đình Dũng | Official Music Video', 'id': '0fE4-rR-8G0', 'length': 348, 'version': 1, 'url': 'https://push.javisco.com/api/youtube/0fE4-rR-8G0/video.mp4'}, 'media_player.loa_da_vung_tran_2_wvbfelChKdw': {'name': 'XIN MỘT ĐÊM YÊU EM - THÀNH ĐẠT x FINN NGUYÊN HY | Vậy thì anh xin cho một đêm u tối…', 'id': 'wvbfelChKdw', 'length': 360, 'version': 1, 'url': 'https://push.javisco.com/api/youtube/wvbfelChKdw/video.mp4'}, 'media_player.loa_da_vung_tran_2_lrWDynnGYtA': {'name': 'KHÚC VƯƠNG TÌNH || CẦN VINH x LEE KEN || OFFICIAL MUSIC VIDEO', 'id': 'lrWDynnGYtA', 'length': 227, 'version': 1, 'url': 'https://push.javisco.com/api/youtube/lrWDynnGYtA/video.mp4'}, 'media_player.loa_da_vung_tran_2_mObTGciIi_E': {'name': 'HÃY ĐỂ ANH YÊN - NHẬT PHONG | MV OFFICIAL', 'id': 'mObTGciIi_E', 'length': 307, 'version': 1, 'url': 'https://push.javisco.com/api/youtube/mObTGciIi_E/video.mp4'}, 'media_player.loa_da_vung_tran_2_V3vH0ej8Zfo': {'name': 'NGÀY EM CƯỚI - NGUYỄN VĨ | OFFICIAL MUSIC VIDEO', 'id': 'V3vH0ej8Zfo', 'length': 315, 'version': 1, 'url': 'https://push.javisco.com/api/youtube/V3vH0ej8Zfo/video.mp4'}, 'media_player.loa_da_vung_tran_2_NuWAl7-Vkwk': {'name': 'Hôm Nay Em Cưới Rồi - Khải Đăng | Thanh Hưng | Live Version', 'id': 'NuWAl7-Vkwk', 'length': 304, 'version': 1, 'url': 'https://push.javisco.com/api/youtube/NuWAl7-Vkwk/video.mp4'}, 'media_player.loa_da_vung_tran_2_xDp3h2DyWzo': {'name': 'TÌNH ANH - ĐÌNH DŨNG | OFFICIAL MUSIC VIDEO', 'id': 'xDp3h2DyWzo', 'length': 296, 'version': 1, 'url': 'https://push.javisco.com/api/youtube/xDp3h2DyWzo/video.mp4'}, 'media_player.loa_da_vung_tran_2_Y19aCd7TaPU': {'name': 'Hứa Đợi Nhưng Chẳng Tới - Lâm Tuấn X Vương Thiên Tuấn | Official Lyrics Video', 'id': 'Y19aCd7TaPU', 'length': 349, 'version': 1, 'url': 'https://push.javisco.com/api/youtube/Y19aCd7TaPU/video.mp4'}, 'media_player.loa_da_vung_tran_2_IenfKDtyMI0': {'name': 'CÓ EM LÀ ĐIỀU TUYỆT VỜI NHẤT - THIÊN TÚ || Music Video | Mình Gặp Nhau Là Do Nhân Duyên', 'id': 'IenfKDtyMI0', 'length': 370, 'version': 1, 'url': 'https://push.javisco.com/api/youtube/IenfKDtyMI0/video.mp4'}, 'media_player.loa_da_vung_tran_2_8Vqlecx98U4': {'name': 'CƯỚI HÔNG CHỐT NHA | ÚT NHỊ FT ĐỖ THÀNH DUY (Official MV) | EM SẼ THEO ANH DÌA', 'id': '8Vqlecx98U4', 'length': 249, 'version': 1, 'url': 'https://push.javisco.com/api/youtube/8Vqlecx98U4/video.mp4'}, 'media_player.loa_da_vung_tran_2_Kv2_RbspXtU': {'name': 'Nên Chờ Hay Nên Quên Remix 🍑 HuyN x Trường Alex | Ϲhào em cô gái năm xưa haу nói haу cười remix', 'id': 'Kv2_RbspXtU', 'length': 291, 'version': 1, 'url': 'https://push.javisco.com/api/youtube/Kv2_RbspXtU/video.mp4'}, 'media_player.loa_da_vung_tran_2_W46gDI9npxI': {'name': 'TỪ NAY EM LÀ VỢ ANH - KHẢ HIỆP | Official Music Video | Đưa bàn tay anh nắm anh dắt em trên đường…', 'id': 'W46gDI9npxI', 'length': 304, 'version': 1, 'url': 'https://push.javisco.com/api/youtube/W46gDI9npxI/video.mp4'}, 'media_player.loa_da_vung_tran_2_WL11bwvAYWI': {'name': 'NGÀY MAI NGƯỜI TA LẤY CHỒNG - THÀNH ĐẠT x ĐÔNG THIÊN ĐỨC | OFFICIAL MV | Ngày Hôm Ấy Em Đi Trong Mưa', 'id': 'WL11bwvAYWI', 'length': 420, 'version': 1, 'url': 'https://push.javisco.com/api/youtube/WL11bwvAYWI/video.mp4'}, 'media_player.loa_da_vung_tran_2_j4T0-huYsW4': {'name': 'SAO CŨNG ĐƯỢC - THÀNH ĐẠT x ĐÔNG THIÊN ĐỨC | OFFICIAL MV | Thà yêu lấy một người bình thường ...', 'id': 'j4T0-huYsW4', 'length': 367, 'version': 1, 'url': 'https://push.javisco.com/api/youtube/j4T0-huYsW4/video.mp4'}}
2025-01-14 17:37:27: change song: to 0
2025-01-14 17:37:43: duration: 360
2025-01-14 17:37:48: playing: media_player.loa_da_vung_tran_2_hyEjleOLcMg
2025-01-14 17:37:53: playing: media_player.loa_da_vung_tran_2_hyEjleOLcMg
2025-01-14 17:38:03: playing: media_player.loa_da_vung_tran_2_hyEjleOLcMg
2025-01-14 17:38:20: playing: media_player.loa_da_vung_tran_2_hyEjleOLcMg
2025-01-14 17:38:25: playing: media_player.loa_da_vung_tran_2_hyEjleOLcMg
2025-01-14 17:38:30: playing: media_player.loa_da_vung_tran_2_hyEjleOLcMg
2025-01-14 17:38:35: playing: media_player.loa_da_vung_tran_2_hyEjleOLcMg
2025-01-14 17:38:40: playing: media_player.loa_da_vung_tran_2_hyEjleOLcMg
2025-01-14 17:38:45: playing: media_player.loa_da_vung_tran_2_hyEjleOLcMg
2025-01-14 17:38:50: playing: media_player.loa_da_vung_tran_2_hyEjleOLcMg
2025-01-14 17:38:55: playing: media_player.loa_da_vung_tran_2_hyEjleOLcMg
2025-01-14 17:39:00: playing: media_player.loa_da_vung_tran_2_hyEjleOLcMg
2025-01-14 17:39:05: playing: media_player.loa_da_vung_tran_2_hyEjleOLcMg
2025-01-14 17:39:10: playing: media_player.loa_da_vung_tran_2_hyEjleOLcMg
2025-01-14 17:39:15: playing: media_player.loa_da_vung_tran_2_hyEjleOLcMg
2025-01-14 17:39:21: playing: media_player.loa_da_vung_tran_2_hyEjleOLcMg
2025-01-14 17:39:26: playing: media_player.loa_da_vung_tran_2_hyEjleOLcMg
2025-01-14 17:39:31: playing: media_player.loa_da_vung_tran_2_hyEjleOLcMg
2025-01-14 17:39:36: playing: media_player.loa_da_vung_tran_2_hyEjleOLcMg
2025-01-14 17:39:41: playing: media_player.loa_da_vung_tran_2_hyEjleOLcMg
2025-01-14 17:40:46: playing: media_player.loa_da_vung_tran_2_hyEjleOLcMg
2025-01-14 17:40:52: playing: media_player.loa_da_vung_tran_2_hyEjleOLcMg
2025-01-14 17:40:57: playing: media_player.loa_da_vung_tran_2_hyEjleOLcMg
2025-01-14 17:41:02: playing: media_player.loa_da_vung_tran_2_hyEjleOLcMg
2025-01-14 17:41:07: playing: media_player.loa_da_vung_tran_2_hyEjleOLcMg
2025-01-14 17:41:12: playing: media_player.loa_da_vung_tran_2_hyEjleOLcMg
2025-01-14 17:41:17: playing: media_player.loa_da_vung_tran_2_hyEjleOLcMg
2025-01-14 17:41:22: playing: media_player.loa_da_vung_tran_2_hyEjleOLcMg
2025-01-14 17:41:27: playing: media_player.loa_da_vung_tran_2_hyEjleOLcMg
2025-01-14 17:41:32: playing: media_player.loa_da_vung_tran_2_hyEjleOLcMg
2025-01-14 17:41:37: playing: media_player.loa_da_vung_tran_2_hyEjleOLcMg
2025-01-14 17:41:42: playing: media_player.loa_da_vung_tran_2_hyEjleOLcMg
2025-01-14 17:41:47: playing: media_player.loa_da_vung_tran_2_hyEjleOLcMg
2025-01-14 17:41:52: playing: media_player.loa_da_vung_tran_2_hyEjleOLcMg
